{"/Users/zahid.cakici/personal/repos/champions-league-case/frontend/src/api.js": {"path":"/Users/zahid.cakici/personal/repos/champions-league-case/frontend/src/api.js","statementMap":{"0":{"start":{"line":6,"column":19},"end":{"line":8,"column":null}},"1":{"start":{"line":10,"column":12},"end":{"line":15,"column":null}},"2":{"start":{"line":18,"column":24},"end":{"line":18,"column":null}},"3":{"start":{"line":18,"column":30},"end":{"line":18,"column":null}},"4":{"start":{"line":19,"column":26},"end":{"line":19,"column":null}},"5":{"start":{"line":19,"column":43},"end":{"line":19,"column":null}},"6":{"start":{"line":20,"column":26},"end":{"line":20,"column":null}},"7":{"start":{"line":20,"column":32},"end":{"line":20,"column":null}},"8":{"start":{"line":23,"column":27},"end":{"line":23,"column":null}},"9":{"start":{"line":23,"column":33},"end":{"line":23,"column":null}},"10":{"start":{"line":24,"column":33},"end":{"line":24,"column":null}},"11":{"start":{"line":24,"column":41},"end":{"line":24,"column":null}},"12":{"start":{"line":25,"column":32},"end":{"line":25,"column":null}},"13":{"start":{"line":25,"column":38},"end":{"line":25,"column":null}},"14":{"start":{"line":28,"column":34},"end":{"line":28,"column":null}},"15":{"start":{"line":28,"column":40},"end":{"line":28,"column":null}},"16":{"start":{"line":29,"column":28},"end":{"line":29,"column":null}},"17":{"start":{"line":29,"column":34},"end":{"line":29,"column":null}},"18":{"start":{"line":30,"column":28},"end":{"line":30,"column":null}},"19":{"start":{"line":30,"column":34},"end":{"line":30,"column":null}},"20":{"start":{"line":31,"column":33},"end":{"line":32,"column":null}},"21":{"start":{"line":32,"column":2},"end":{"line":32,"column":null}},"22":{"start":{"line":33,"column":31},"end":{"line":33,"column":null}},"23":{"start":{"line":33,"column":37},"end":{"line":33,"column":null}},"24":{"start":{"line":36,"column":28},"end":{"line":36,"column":null}},"25":{"start":{"line":36,"column":34},"end":{"line":36,"column":null}},"26":{"start":{"line":37,"column":30},"end":{"line":37,"column":null}},"27":{"start":{"line":37,"column":36},"end":{"line":37,"column":null}}},"fnMap":{"0":{"name":"(anonymous_0)","decl":{"start":{"line":18,"column":24},"end":{"line":18,"column":25}},"loc":{"start":{"line":18,"column":30},"end":{"line":18,"column":null}},"line":18},"1":{"name":"(anonymous_1)","decl":{"start":{"line":19,"column":26},"end":{"line":19,"column":27}},"loc":{"start":{"line":19,"column":43},"end":{"line":19,"column":null}},"line":19},"2":{"name":"(anonymous_2)","decl":{"start":{"line":20,"column":26},"end":{"line":20,"column":28}},"loc":{"start":{"line":20,"column":32},"end":{"line":20,"column":null}},"line":20},"3":{"name":"(anonymous_3)","decl":{"start":{"line":23,"column":27},"end":{"line":23,"column":28}},"loc":{"start":{"line":23,"column":33},"end":{"line":23,"column":null}},"line":23},"4":{"name":"(anonymous_4)","decl":{"start":{"line":24,"column":33},"end":{"line":24,"column":37}},"loc":{"start":{"line":24,"column":41},"end":{"line":24,"column":null}},"line":24},"5":{"name":"(anonymous_5)","decl":{"start":{"line":25,"column":32},"end":{"line":25,"column":33}},"loc":{"start":{"line":25,"column":38},"end":{"line":25,"column":null}},"line":25},"6":{"name":"(anonymous_6)","decl":{"start":{"line":28,"column":34},"end":{"line":28,"column":35}},"loc":{"start":{"line":28,"column":40},"end":{"line":28,"column":null}},"line":28},"7":{"name":"(anonymous_7)","decl":{"start":{"line":29,"column":28},"end":{"line":29,"column":29}},"loc":{"start":{"line":29,"column":34},"end":{"line":29,"column":null}},"line":29},"8":{"name":"(anonymous_8)","decl":{"start":{"line":30,"column":28},"end":{"line":30,"column":29}},"loc":{"start":{"line":30,"column":34},"end":{"line":30,"column":null}},"line":30},"9":{"name":"(anonymous_9)","decl":{"start":{"line":31,"column":33},"end":{"line":31,"column":34}},"loc":{"start":{"line":32,"column":2},"end":{"line":32,"column":null}},"line":32},"10":{"name":"(anonymous_10)","decl":{"start":{"line":33,"column":31},"end":{"line":33,"column":32}},"loc":{"start":{"line":33,"column":37},"end":{"line":33,"column":null}},"line":33},"11":{"name":"(anonymous_11)","decl":{"start":{"line":36,"column":28},"end":{"line":36,"column":29}},"loc":{"start":{"line":36,"column":34},"end":{"line":36,"column":null}},"line":36},"12":{"name":"(anonymous_12)","decl":{"start":{"line":37,"column":30},"end":{"line":37,"column":31}},"loc":{"start":{"line":37,"column":36},"end":{"line":37,"column":null}},"line":37}},"branchMap":{"0":{"loc":{"start":{"line":6,"column":19},"end":{"line":8,"column":null}},"type":"cond-expr","locations":[{"start":{"line":7,"column":4},"end":{"line":7,"column":null}},{"start":{"line":8,"column":4},"end":{"line":8,"column":null}}],"line":6}},"s":{"0":1,"1":1,"2":1,"3":0,"4":1,"5":0,"6":1,"7":0,"8":1,"9":0,"10":1,"11":0,"12":1,"13":0,"14":1,"15":0,"16":1,"17":0,"18":1,"19":0,"20":1,"21":0,"22":1,"23":0,"24":1,"25":0,"26":1,"27":0},"f":{"0":0,"1":0,"2":0,"3":0,"4":0,"5":0,"6":0,"7":0,"8":0,"9":0,"10":0,"11":0,"12":0},"b":{"0":[0,1]},"meta":{"lastBranch":1,"lastFunction":13,"lastStatement":28,"seen":{"s:6:19:8:Infinity":0,"b:7:4:7:Infinity:8:4:8:Infinity":0,"s:10:12:15:Infinity":1,"s:18:24:18:Infinity":2,"f:18:24:18:25":0,"s:18:30:18:Infinity":3,"s:19:26:19:Infinity":4,"f:19:26:19:27":1,"s:19:43:19:Infinity":5,"s:20:26:20:Infinity":6,"f:20:26:20:28":2,"s:20:32:20:Infinity":7,"s:23:27:23:Infinity":8,"f:23:27:23:28":3,"s:23:33:23:Infinity":9,"s:24:33:24:Infinity":10,"f:24:33:24:37":4,"s:24:41:24:Infinity":11,"s:25:32:25:Infinity":12,"f:25:32:25:33":5,"s:25:38:25:Infinity":13,"s:28:34:28:Infinity":14,"f:28:34:28:35":6,"s:28:40:28:Infinity":15,"s:29:28:29:Infinity":16,"f:29:28:29:29":7,"s:29:34:29:Infinity":17,"s:30:28:30:Infinity":18,"f:30:28:30:29":8,"s:30:34:30:Infinity":19,"s:31:33:32:Infinity":20,"f:31:33:31:34":9,"s:32:2:32:Infinity":21,"s:33:31:33:Infinity":22,"f:33:31:33:32":10,"s:33:37:33:Infinity":23,"s:36:28:36:Infinity":24,"f:36:28:36:29":11,"s:36:34:36:Infinity":25,"s:37:30:37:Infinity":26,"f:37:30:37:31":12,"s:37:36:37:Infinity":27}}}
,"/Users/zahid.cakici/personal/repos/champions-league-case/frontend/src/views/FixturesView.vue": {"path":"/Users/zahid.cakici/personal/repos/champions-league-case/frontend/src/views/FixturesView.vue","statementMap":{"0":{"start":{"line":36,"column":14},"end":{"line":36,"column":null}},"1":{"start":{"line":37,"column":16},"end":{"line":37,"column":null}},"2":{"start":{"line":38,"column":15},"end":{"line":38,"column":null}},"3":{"start":{"line":40,"column":0},"end":{"line":42,"column":null}},"4":{"start":{"line":41,"column":2},"end":{"line":41,"column":null}},"5":{"start":{"line":44,"column":21},"end":{"line":55,"column":null}},"6":{"start":{"line":45,"column":2},"end":{"line":45,"column":null}},"7":{"start":{"line":46,"column":2},"end":{"line":54,"column":null}},"8":{"start":{"line":47,"column":21},"end":{"line":47,"column":null}},"9":{"start":{"line":48,"column":4},"end":{"line":48,"column":null}},"10":{"start":{"line":50,"column":4},"end":{"line":50,"column":null}},"11":{"start":{"line":51,"column":4},"end":{"line":51,"column":null}},"12":{"start":{"line":53,"column":4},"end":{"line":53,"column":null}},"13":{"start":{"line":57,"column":19},"end":{"line":57,"column":null}},"14":{"start":{"line":57,"column":35},"end":{"line":57,"column":60}},"15":{"start":{"line":59,"column":18},"end":{"line":62,"column":null}},"16":{"start":{"line":60,"column":2},"end":{"line":60,"column":null}},"17":{"start":{"line":60,"column":30},"end":{"line":60,"column":null}},"18":{"start":{"line":61,"column":2},"end":{"line":61,"column":null}},"19":{"start":{"line":61,"column":45},"end":{"line":61,"column":51}},"20":{"start":{"line":64,"column":25},"end":{"line":66,"column":null}},"21":{"start":{"line":65,"column":2},"end":{"line":65,"column":null}},"22":{"start":{"line":65,"column":36},"end":{"line":65,"column":51}},"23":{"start":{"line":68,"column":24},"end":{"line":70,"column":null}},"24":{"start":{"line":69,"column":2},"end":{"line":69,"column":null}},"25":{"start":{"line":2,"column":7},"end":{"line":2,"column":null}},"26":{"start":{"line":13,"column":11},"end":{"line":13,"column":null}},"27":{"start":{"line":15,"column":15},"end":{"line":15,"column":35}},"28":{"start":{"line":17,"column":18},"end":{"line":17,"column":39}},"29":{"start":{"line":19,"column":18},"end":{"line":19,"column":39}}},"fnMap":{"0":{"name":"(anonymous_0)","decl":{"start":{"line":40,"column":10},"end":{"line":40,"column":15}},"loc":{"start":{"line":40,"column":22},"end":{"line":42,"column":1}},"line":40},"1":{"name":"(anonymous_1)","decl":{"start":{"line":44,"column":21},"end":{"line":44,"column":26}},"loc":{"start":{"line":44,"column":33},"end":{"line":55,"column":null}},"line":44},"2":{"name":"(anonymous_2)","decl":{"start":{"line":57,"column":29},"end":{"line":57,"column":30}},"loc":{"start":{"line":57,"column":35},"end":{"line":57,"column":60}},"line":57},"3":{"name":"(anonymous_3)","decl":{"start":{"line":59,"column":28},"end":{"line":59,"column":29}},"loc":{"start":{"line":59,"column":34},"end":{"line":62,"column":1}},"line":59},"4":{"name":"(anonymous_4)","decl":{"start":{"line":61,"column":40},"end":{"line":61,"column":41}},"loc":{"start":{"line":61,"column":45},"end":{"line":61,"column":51}},"line":61},"5":{"name":"(anonymous_5)","decl":{"start":{"line":64,"column":25},"end":{"line":64,"column":29}},"loc":{"start":{"line":64,"column":33},"end":{"line":66,"column":null}},"line":64},"6":{"name":"(anonymous_6)","decl":{"start":{"line":65,"column":31},"end":{"line":65,"column":32}},"loc":{"start":{"line":65,"column":36},"end":{"line":65,"column":51}},"line":65},"7":{"name":"(anonymous_7)","decl":{"start":{"line":68,"column":24},"end":{"line":68,"column":25}},"loc":{"start":{"line":68,"column":30},"end":{"line":70,"column":null}},"line":68}},"branchMap":{"0":{"loc":{"start":{"line":48,"column":21},"end":{"line":48,"column":null}},"type":"binary-expr","locations":[{"start":{"line":48,"column":21},"end":{"line":48,"column":39}},{"start":{"line":48,"column":43},"end":{"line":48,"column":null}}],"line":48},"1":{"loc":{"start":{"line":60,"column":2},"end":{"line":60,"column":null}},"type":"if","locations":[{"start":{"line":60,"column":2},"end":{"line":60,"column":null}},{"start":{},"end":{}}],"line":60},"2":{"loc":{"start":{"line":3,"column":4},"end":{"line":3,"column":50}},"type":"binary-expr","locations":[{"start":{"line":3,"column":4},"end":{"line":3,"column":8}},{"start":{"line":3,"column":4},"end":{"line":3,"column":50}}],"line":3},"3":{"loc":{"start":{"line":8,"column":6},"end":{"line":8,"column":39}},"type":"binary-expr","locations":[{"start":{"line":8,"column":6},"end":{"line":8,"column":9}},{"start":{"line":8,"column":6},"end":{"line":8,"column":39}}],"line":8},"4":{"loc":{"start":{"line":18,"column":12},"end":{"line":18,"column":37}},"type":"binary-expr","locations":[{"start":{"line":18,"column":12},"end":{"line":18,"column":18}},{"start":{"line":18,"column":12},"end":{"line":18,"column":37}}],"line":18}},"s":{"0":3,"1":3,"2":3,"3":3,"4":3,"5":3,"6":3,"7":3,"8":3,"9":3,"10":0,"11":0,"12":3,"13":3,"14":3,"15":3,"16":3,"17":0,"18":3,"19":12,"20":3,"21":6,"22":24,"23":3,"24":0,"25":1,"26":1,"27":1,"28":1,"29":1},"f":{"0":3,"1":3,"2":3,"3":3,"4":12,"5":6,"6":24,"7":0},"b":{"0":[3,0],"1":[0,3],"2":[6,3],"3":[0,0],"4":[12,3]},"meta":{"lastBranch":0,"lastFunction":0,"lastStatement":0,"seen":{}}}
,"/Users/zahid.cakici/personal/repos/champions-league-case/frontend/src/views/SimulationView.vue": {"path":"/Users/zahid.cakici/personal/repos/champions-league-case/frontend/src/views/SimulationView.vue","statementMap":{"0":{"start":{"line":150,"column":14},"end":{"line":150,"column":null}},"1":{"start":{"line":151,"column":15},"end":{"line":151,"column":null}},"2":{"start":{"line":152,"column":21},"end":{"line":152,"column":null}},"3":{"start":{"line":153,"column":13},"end":{"line":159,"column":null}},"4":{"start":{"line":161,"column":0},"end":{"line":163,"column":null}},"5":{"start":{"line":162,"column":2},"end":{"line":162,"column":null}},"6":{"start":{"line":165,"column":18},"end":{"line":175,"column":null}},"7":{"start":{"line":166,"column":2},"end":{"line":166,"column":null}},"8":{"start":{"line":167,"column":2},"end":{"line":174,"column":null}},"9":{"start":{"line":168,"column":21},"end":{"line":168,"column":null}},"10":{"start":{"line":169,"column":4},"end":{"line":169,"column":null}},"11":{"start":{"line":171,"column":4},"end":{"line":171,"column":null}},"12":{"start":{"line":173,"column":4},"end":{"line":173,"column":null}},"13":{"start":{"line":177,"column":19},"end":{"line":177,"column":null}},"14":{"start":{"line":177,"column":35},"end":{"line":177,"column":70}},"15":{"start":{"line":178,"column":19},"end":{"line":178,"column":null}},"16":{"start":{"line":178,"column":35},"end":{"line":178,"column":68}},"17":{"start":{"line":180,"column":26},"end":{"line":183,"column":null}},"18":{"start":{"line":181,"column":2},"end":{"line":181,"column":null}},"19":{"start":{"line":181,"column":53},"end":{"line":181,"column":null}},"20":{"start":{"line":182,"column":2},"end":{"line":182,"column":null}},"21":{"start":{"line":185,"column":21},"end":{"line":191,"column":null}},"22":{"start":{"line":186,"column":16},"end":{"line":186,"column":null}},"23":{"start":{"line":187,"column":2},"end":{"line":189,"column":null}},"24":{"start":{"line":187,"column":15},"end":{"line":187,"column":16}},"25":{"start":{"line":188,"column":4},"end":{"line":188,"column":null}},"26":{"start":{"line":190,"column":2},"end":{"line":190,"column":null}},"27":{"start":{"line":193,"column":23},"end":{"line":196,"column":null}},"28":{"start":{"line":194,"column":2},"end":{"line":194,"column":null}},"29":{"start":{"line":194,"column":31},"end":{"line":194,"column":null}},"30":{"start":{"line":195,"column":2},"end":{"line":195,"column":null}},"31":{"start":{"line":198,"column":27},"end":{"line":209,"column":null}},"32":{"start":{"line":199,"column":2},"end":{"line":199,"column":null}},"33":{"start":{"line":200,"column":2},"end":{"line":208,"column":null}},"34":{"start":{"line":201,"column":21},"end":{"line":201,"column":null}},"35":{"start":{"line":202,"column":4},"end":{"line":202,"column":null}},"36":{"start":{"line":204,"column":4},"end":{"line":204,"column":null}},"37":{"start":{"line":205,"column":4},"end":{"line":205,"column":null}},"38":{"start":{"line":207,"column":4},"end":{"line":207,"column":null}},"39":{"start":{"line":211,"column":27},"end":{"line":222,"column":null}},"40":{"start":{"line":212,"column":2},"end":{"line":212,"column":null}},"41":{"start":{"line":213,"column":2},"end":{"line":221,"column":null}},"42":{"start":{"line":214,"column":21},"end":{"line":214,"column":null}},"43":{"start":{"line":215,"column":4},"end":{"line":215,"column":null}},"44":{"start":{"line":217,"column":4},"end":{"line":217,"column":null}},"45":{"start":{"line":218,"column":4},"end":{"line":218,"column":null}},"46":{"start":{"line":220,"column":4},"end":{"line":220,"column":null}},"47":{"start":{"line":224,"column":20},"end":{"line":243,"column":null}},"48":{"start":{"line":225,"column":2},"end":{"line":231,"column":null}},"49":{"start":{"line":230,"column":4},"end":{"line":230,"column":null}},"50":{"start":{"line":233,"column":2},"end":{"line":233,"column":null}},"51":{"start":{"line":234,"column":2},"end":{"line":242,"column":null}},"52":{"start":{"line":235,"column":4},"end":{"line":235,"column":null}},"53":{"start":{"line":236,"column":4},"end":{"line":236,"column":null}},"54":{"start":{"line":238,"column":4},"end":{"line":238,"column":null}},"55":{"start":{"line":239,"column":4},"end":{"line":239,"column":null}},"56":{"start":{"line":241,"column":4},"end":{"line":241,"column":null}},"57":{"start":{"line":2,"column":7},"end":{"line":2,"column":null}},"58":{"start":{"line":13,"column":11},"end":{"line":13,"column":null}},"59":{"start":{"line":15,"column":13},"end":{"line":15,"column":null}},"60":{"start":{"line":32,"column":20},"end":{"line":32,"column":43}},"61":{"start":{"line":33,"column":20},"end":{"line":33,"column":43}},"62":{"start":{"line":34,"column":20},"end":{"line":34,"column":43}},"63":{"start":{"line":35,"column":20},"end":{"line":35,"column":43}},"64":{"start":{"line":36,"column":20},"end":{"line":36,"column":43}},"65":{"start":{"line":37,"column":20},"end":{"line":37,"column":null}},"66":{"start":{"line":46,"column":13},"end":{"line":46,"column":null}},"67":{"start":{"line":47,"column":15},"end":{"line":47,"column":null}},"68":{"start":{"line":55,"column":20},"end":{"line":55,"column":41}},"69":{"start":{"line":56,"column":20},"end":{"line":56,"column":37}},"70":{"start":{"line":57,"column":20},"end":{"line":57,"column":41}},"71":{"start":{"line":67,"column":23},"end":{"line":67,"column":79}},"72":{"start":{"line":76,"column":22},"end":{"line":76,"column":43}},"73":{"start":{"line":77,"column":22},"end":{"line":77,"column":39}},"74":{"start":{"line":78,"column":22},"end":{"line":78,"column":43}},"75":{"start":{"line":85,"column":13},"end":{"line":85,"column":null}},"76":{"start":{"line":97,"column":20},"end":{"line":97,"column":null}},"77":{"start":{"line":114,"column":11},"end":{"line":114,"column":null}}},"fnMap":{"0":{"name":"(anonymous_0)","decl":{"start":{"line":161,"column":10},"end":{"line":161,"column":15}},"loc":{"start":{"line":161,"column":22},"end":{"line":163,"column":1}},"line":161},"1":{"name":"(anonymous_1)","decl":{"start":{"line":165,"column":18},"end":{"line":165,"column":23}},"loc":{"start":{"line":165,"column":30},"end":{"line":175,"column":null}},"line":165},"2":{"name":"(anonymous_2)","decl":{"start":{"line":177,"column":29},"end":{"line":177,"column":30}},"loc":{"start":{"line":177,"column":35},"end":{"line":177,"column":70}},"line":177},"3":{"name":"(anonymous_3)","decl":{"start":{"line":178,"column":29},"end":{"line":178,"column":30}},"loc":{"start":{"line":178,"column":35},"end":{"line":178,"column":68}},"line":178},"4":{"name":"(anonymous_4)","decl":{"start":{"line":180,"column":36},"end":{"line":180,"column":37}},"loc":{"start":{"line":180,"column":42},"end":{"line":183,"column":1}},"line":180},"5":{"name":"(anonymous_5)","decl":{"start":{"line":185,"column":31},"end":{"line":185,"column":32}},"loc":{"start":{"line":185,"column":37},"end":{"line":191,"column":1}},"line":185},"6":{"name":"(anonymous_6)","decl":{"start":{"line":193,"column":23},"end":{"line":193,"column":27}},"loc":{"start":{"line":193,"column":31},"end":{"line":196,"column":null}},"line":193},"7":{"name":"(anonymous_7)","decl":{"start":{"line":198,"column":27},"end":{"line":198,"column":32}},"loc":{"start":{"line":198,"column":39},"end":{"line":209,"column":null}},"line":198},"8":{"name":"(anonymous_8)","decl":{"start":{"line":211,"column":27},"end":{"line":211,"column":32}},"loc":{"start":{"line":211,"column":39},"end":{"line":222,"column":null}},"line":211},"9":{"name":"(anonymous_9)","decl":{"start":{"line":224,"column":20},"end":{"line":224,"column":25}},"loc":{"start":{"line":224,"column":32},"end":{"line":243,"column":null}},"line":224}},"branchMap":{"0":{"loc":{"start":{"line":181,"column":2},"end":{"line":181,"column":null}},"type":"if","locations":[{"start":{"line":181,"column":2},"end":{"line":181,"column":null}},{"start":{},"end":{}}],"line":181},"1":{"loc":{"start":{"line":181,"column":6},"end":{"line":181,"column":51}},"type":"binary-expr","locations":[{"start":{"line":181,"column":6},"end":{"line":181,"column":29}},{"start":{"line":181,"column":33},"end":{"line":181,"column":51}}],"line":181},"2":{"loc":{"start":{"line":182,"column":9},"end":{"line":182,"column":null}},"type":"binary-expr","locations":[{"start":{"line":182,"column":9},"end":{"line":182,"column":50}},{"start":{"line":182,"column":54},"end":{"line":182,"column":null}}],"line":182},"3":{"loc":{"start":{"line":194,"column":2},"end":{"line":194,"column":null}},"type":"if","locations":[{"start":{"line":194,"column":2},"end":{"line":194,"column":null}},{"start":{},"end":{}}],"line":194},"4":{"loc":{"start":{"line":195,"column":9},"end":{"line":195,"column":null}},"type":"binary-expr","locations":[{"start":{"line":195,"column":9},"end":{"line":195,"column":37}},{"start":{"line":195,"column":41},"end":{"line":195,"column":null}}],"line":195},"5":{"loc":{"start":{"line":205,"column":10},"end":{"line":205,"column":69}},"type":"binary-expr","locations":[{"start":{"line":205,"column":10},"end":{"line":205,"column":39}},{"start":{"line":205,"column":43},"end":{"line":205,"column":69}}],"line":205},"6":{"loc":{"start":{"line":218,"column":10},"end":{"line":218,"column":69}},"type":"binary-expr","locations":[{"start":{"line":218,"column":10},"end":{"line":218,"column":39}},{"start":{"line":218,"column":43},"end":{"line":218,"column":69}}],"line":218},"7":{"loc":{"start":{"line":225,"column":2},"end":{"line":231,"column":null}},"type":"if","locations":[{"start":{"line":225,"column":2},"end":{"line":231,"column":null}},{"start":{},"end":{}}],"line":225},"8":{"loc":{"start":{"line":239,"column":10},"end":{"line":239,"column":71}},"type":"binary-expr","locations":[{"start":{"line":239,"column":10},"end":{"line":239,"column":39}},{"start":{"line":239,"column":43},"end":{"line":239,"column":71}}],"line":239},"9":{"loc":{"start":{"line":3,"column":4},"end":{"line":3,"column":42}},"type":"binary-expr","locations":[{"start":{"line":3,"column":4},"end":{"line":3,"column":8}},{"start":{"line":3,"column":4},"end":{"line":3,"column":42}}],"line":3},"10":{"loc":{"start":{"line":8,"column":6},"end":{"line":8,"column":39}},"type":"binary-expr","locations":[{"start":{"line":8,"column":6},"end":{"line":8,"column":9}},{"start":{"line":8,"column":6},"end":{"line":8,"column":39}}],"line":8},"11":{"loc":{"start":{"line":16,"column":10},"end":{"line":16,"column":53}},"type":"binary-expr","locations":[{"start":{"line":16,"column":10},"end":{"line":16,"column":15}},{"start":{"line":16,"column":10},"end":{"line":16,"column":53}}],"line":16},"12":{"loc":{"start":{"line":48,"column":15},"end":{"line":48,"column":null}},"type":"cond-expr","locations":[{"start":{"line":48,"column":26},"end":{"line":48,"column":null}},{"start":{"line":48,"column":52},"end":{"line":48,"column":null}}],"line":48},"13":{"loc":{"start":{"line":86,"column":10},"end":{"line":86,"column":65}},"type":"binary-expr","locations":[{"start":{"line":86,"column":10},"end":{"line":86,"column":15}},{"start":{"line":86,"column":10},"end":{"line":86,"column":65}}],"line":86},"14":{"loc":{"start":{"line":104,"column":18},"end":{"line":104,"column":null}},"type":"binary-expr","locations":[{"start":{"line":104,"column":18},"end":{"line":104,"column":37}},{"start":{"line":104,"column":37},"end":{"line":104,"column":null}}],"line":104},"15":{"loc":{"start":{"line":117,"column":21},"end":{"line":117,"column":49}},"type":"binary-expr","locations":[{"start":{"line":117,"column":21},"end":{"line":117,"column":34}},{"start":{"line":117,"column":38},"end":{"line":117,"column":49}}],"line":117},"16":{"loc":{"start":{"line":124,"column":21},"end":{"line":124,"column":49}},"type":"binary-expr","locations":[{"start":{"line":124,"column":21},"end":{"line":124,"column":34}},{"start":{"line":124,"column":38},"end":{"line":124,"column":49}}],"line":124},"17":{"loc":{"start":{"line":135,"column":8},"end":{"line":135,"column":37}},"type":"binary-expr","locations":[{"start":{"line":135,"column":8},"end":{"line":135,"column":12}},{"start":{"line":135,"column":8},"end":{"line":135,"column":37}}],"line":135},"18":{"loc":{"start":{"line":136,"column":41},"end":{"line":137,"column":31}},"type":"binary-expr","locations":[{"start":{"line":136,"column":41},"end":{"line":136,"column":null}},{"start":{"line":136,"column":41},"end":{"line":137,"column":31}}],"line":136}},"s":{"0":4,"1":4,"2":4,"3":4,"4":4,"5":4,"6":4,"7":4,"8":4,"9":4,"10":4,"11":0,"12":4,"13":4,"14":4,"15":4,"16":4,"17":4,"18":4,"19":0,"20":4,"21":4,"22":4,"23":4,"24":4,"25":4,"26":4,"27":4,"28":4,"29":0,"30":4,"31":4,"32":0,"33":0,"34":0,"35":0,"36":0,"37":0,"38":0,"39":4,"40":0,"41":0,"42":0,"43":0,"44":0,"45":0,"46":0,"47":4,"48":0,"49":0,"50":0,"51":0,"52":0,"53":0,"54":0,"55":0,"56":0,"57":1,"58":1,"59":1,"60":1,"61":1,"62":1,"63":1,"64":1,"65":1,"66":1,"67":1,"68":1,"69":1,"70":1,"71":1,"72":1,"73":1,"74":1,"75":1,"76":1,"77":1},"f":{"0":4,"1":4,"2":4,"3":4,"4":4,"5":4,"6":4,"7":0,"8":0,"9":0},"b":{"0":[0,4],"1":[4,4],"2":[4,0],"3":[0,4],"4":[4,0],"5":[0,0],"6":[0,0],"7":[0,0],"8":[0,0],"9":[8,4],"10":[0,0],"11":[4,4],"12":[4,0],"13":[4,4],"14":[4,4],"15":[4,4],"16":[4,4],"17":[0,0],"18":[0,0]},"meta":{"lastBranch":0,"lastFunction":0,"lastStatement":0,"seen":{}}}
,"/Users/zahid.cakici/personal/repos/champions-league-case/frontend/src/views/TeamsView.vue": {"path":"/Users/zahid.cakici/personal/repos/champions-league-case/frontend/src/views/TeamsView.vue","statementMap":{"0":{"start":{"line":83,"column":14},"end":{"line":83,"column":null}},"1":{"start":{"line":84,"column":13},"end":{"line":84,"column":null}},"2":{"start":{"line":85,"column":15},"end":{"line":85,"column":null}},"3":{"start":{"line":86,"column":25},"end":{"line":86,"column":null}},"4":{"start":{"line":87,"column":17},"end":{"line":87,"column":null}},"5":{"start":{"line":88,"column":15},"end":{"line":91,"column":null}},"6":{"start":{"line":93,"column":0},"end":{"line":96,"column":null}},"7":{"start":{"line":94,"column":2},"end":{"line":94,"column":null}},"8":{"start":{"line":95,"column":2},"end":{"line":95,"column":null}},"9":{"start":{"line":98,"column":18},"end":{"line":105,"column":null}},"10":{"start":{"line":99,"column":2},"end":{"line":104,"column":null}},"11":{"start":{"line":100,"column":21},"end":{"line":100,"column":null}},"12":{"start":{"line":101,"column":4},"end":{"line":101,"column":null}},"13":{"start":{"line":103,"column":4},"end":{"line":103,"column":null}},"14":{"start":{"line":107,"column":28},"end":{"line":115,"column":null}},"15":{"start":{"line":108,"column":2},"end":{"line":114,"column":null}},"16":{"start":{"line":109,"column":21},"end":{"line":109,"column":null}},"17":{"start":{"line":110,"column":4},"end":{"line":110,"column":null}},"18":{"start":{"line":113,"column":4},"end":{"line":113,"column":null}},"19":{"start":{"line":117,"column":22},"end":{"line":140,"column":null}},"20":{"start":{"line":118,"column":2},"end":{"line":118,"column":null}},"21":{"start":{"line":120,"column":2},"end":{"line":123,"column":null}},"22":{"start":{"line":121,"column":4},"end":{"line":121,"column":null}},"23":{"start":{"line":122,"column":4},"end":{"line":122,"column":null}},"24":{"start":{"line":124,"column":2},"end":{"line":127,"column":null}},"25":{"start":{"line":125,"column":4},"end":{"line":125,"column":null}},"26":{"start":{"line":126,"column":4},"end":{"line":126,"column":null}},"27":{"start":{"line":129,"column":2},"end":{"line":129,"column":null}},"28":{"start":{"line":130,"column":2},"end":{"line":139,"column":null}},"29":{"start":{"line":131,"column":4},"end":{"line":131,"column":null}},"30":{"start":{"line":132,"column":4},"end":{"line":132,"column":null}},"31":{"start":{"line":133,"column":4},"end":{"line":133,"column":null}},"32":{"start":{"line":135,"column":4},"end":{"line":135,"column":null}},"33":{"start":{"line":136,"column":4},"end":{"line":136,"column":null}},"34":{"start":{"line":138,"column":4},"end":{"line":138,"column":null}},"35":{"start":{"line":142,"column":25},"end":{"line":152,"column":null}},"36":{"start":{"line":143,"column":2},"end":{"line":143,"column":null}},"37":{"start":{"line":144,"column":2},"end":{"line":151,"column":null}},"38":{"start":{"line":145,"column":4},"end":{"line":145,"column":null}},"39":{"start":{"line":146,"column":4},"end":{"line":146,"column":null}},"40":{"start":{"line":146,"column":42},"end":{"line":146,"column":53}},"41":{"start":{"line":148,"column":4},"end":{"line":148,"column":null}},"42":{"start":{"line":150,"column":4},"end":{"line":150,"column":null}},"43":{"start":{"line":154,"column":31},"end":{"line":165,"column":null}},"44":{"start":{"line":155,"column":2},"end":{"line":155,"column":null}},"45":{"start":{"line":156,"column":2},"end":{"line":164,"column":null}},"46":{"start":{"line":157,"column":4},"end":{"line":157,"column":null}},"47":{"start":{"line":158,"column":4},"end":{"line":158,"column":null}},"48":{"start":{"line":159,"column":4},"end":{"line":159,"column":null}},"49":{"start":{"line":161,"column":4},"end":{"line":161,"column":null}},"50":{"start":{"line":163,"column":4},"end":{"line":163,"column":null}},"51":{"start":{"line":2,"column":7},"end":{"line":2,"column":null}},"52":{"start":{"line":9,"column":13},"end":{"line":9,"column":null}},"53":{"start":{"line":34,"column":9},"end":{"line":34,"column":null}},"54":{"start":{"line":46,"column":16},"end":{"line":46,"column":39}},"55":{"start":{"line":61,"column":9},"end":{"line":61,"column":null}},"56":{"start":{"line":11,"column":21},"end":{"line":11,"column":null}},"57":{"start":{"line":18,"column":28},"end":{"line":18,"column":42}},"58":{"start":{"line":51,"column":24},"end":{"line":51,"column":null}}},"fnMap":{"0":{"name":"(anonymous_0)","decl":{"start":{"line":93,"column":10},"end":{"line":93,"column":15}},"loc":{"start":{"line":93,"column":22},"end":{"line":96,"column":1}},"line":93},"1":{"name":"(anonymous_1)","decl":{"start":{"line":98,"column":18},"end":{"line":98,"column":23}},"loc":{"start":{"line":98,"column":30},"end":{"line":105,"column":null}},"line":98},"2":{"name":"(anonymous_2)","decl":{"start":{"line":107,"column":28},"end":{"line":107,"column":33}},"loc":{"start":{"line":107,"column":40},"end":{"line":115,"column":null}},"line":107},"3":{"name":"(anonymous_3)","decl":{"start":{"line":117,"column":22},"end":{"line":117,"column":27}},"loc":{"start":{"line":117,"column":34},"end":{"line":140,"column":null}},"line":117},"4":{"name":"(anonymous_4)","decl":{"start":{"line":142,"column":25},"end":{"line":142,"column":30}},"loc":{"start":{"line":142,"column":37},"end":{"line":152,"column":null}},"line":142},"5":{"name":"(anonymous_5)","decl":{"start":{"line":146,"column":37},"end":{"line":146,"column":38}},"loc":{"start":{"line":146,"column":42},"end":{"line":146,"column":53}},"line":146},"6":{"name":"(anonymous_6)","decl":{"start":{"line":154,"column":31},"end":{"line":154,"column":36}},"loc":{"start":{"line":154,"column":43},"end":{"line":165,"column":null}},"line":154},"7":{"name":"(anonymous_7)","decl":{"start":{"line":11,"column":21},"end":{"line":11,"column":28}},"loc":{"start":{"line":11,"column":21},"end":{"line":11,"column":null}},"line":11},"8":{"name":"(anonymous_8)","decl":{"start":{"line":18,"column":28},"end":{"line":18,"column":35}},"loc":{"start":{"line":18,"column":28},"end":{"line":18,"column":42}},"line":18},"9":{"name":"(anonymous_9)","decl":{"start":{"line":51,"column":22},"end":{"line":51,"column":24}},"loc":{"start":{"line":51,"column":24},"end":{"line":51,"column":null}},"line":51}},"branchMap":{"0":{"loc":{"start":{"line":120,"column":2},"end":{"line":123,"column":null}},"type":"if","locations":[{"start":{"line":120,"column":2},"end":{"line":123,"column":null}},{"start":{},"end":{}}],"line":120},"1":{"loc":{"start":{"line":124,"column":2},"end":{"line":127,"column":null}},"type":"if","locations":[{"start":{"line":124,"column":2},"end":{"line":127,"column":null}},{"start":{},"end":{}}],"line":124},"2":{"loc":{"start":{"line":124,"column":6},"end":{"line":124,"column":58}},"type":"binary-expr","locations":[{"start":{"line":124,"column":6},"end":{"line":124,"column":29}},{"start":{"line":124,"column":33},"end":{"line":124,"column":58}}],"line":124},"3":{"loc":{"start":{"line":135,"column":22},"end":{"line":135,"column":null}},"type":"binary-expr","locations":[{"start":{"line":135,"column":22},"end":{"line":135,"column":49}},{"start":{"line":135,"column":53},"end":{"line":135,"column":null}}],"line":135},"4":{"loc":{"start":{"line":3,"column":4},"end":{"line":3,"column":48}},"type":"binary-expr","locations":[{"start":{"line":3,"column":4},"end":{"line":3,"column":8}},{"start":{"line":3,"column":4},"end":{"line":3,"column":48}}],"line":3},"5":{"loc":{"start":{"line":7,"column":6},"end":{"line":7,"column":27}},"type":"binary-expr","locations":[{"start":{"line":7,"column":6},"end":{"line":7,"column":10}},{"start":{"line":7,"column":6},"end":{"line":7,"column":27}}],"line":7},"6":{"loc":{"start":{"line":11,"column":21},"end":{"line":11,"column":null}},"type":"binary-expr","locations":[{"start":{"line":11,"column":21},"end":{"line":11,"column":28}},{"start":{"line":11,"column":21},"end":{"line":11,"column":null}}],"line":11},"7":{"loc":{"start":{"line":18,"column":28},"end":{"line":18,"column":42}},"type":"binary-expr","locations":[{"start":{"line":18,"column":28},"end":{"line":18,"column":35}},{"start":{"line":18,"column":28},"end":{"line":18,"column":42}}],"line":18},"8":{"loc":{"start":{"line":38,"column":12},"end":{"line":38,"column":30}},"type":"binary-expr","locations":[{"start":{"line":38,"column":12},"end":{"line":38,"column":16}},{"start":{"line":38,"column":12},"end":{"line":38,"column":30}}],"line":38},"9":{"loc":{"start":{"line":39,"column":12},"end":{"line":39,"column":53}},"type":"binary-expr","locations":[{"start":{"line":39,"column":12},"end":{"line":39,"column":16}},{"start":{"line":39,"column":12},"end":{"line":39,"column":53}}],"line":39},"10":{"loc":{"start":{"line":64,"column":19},"end":{"line":64,"column":null}},"type":"binary-expr","locations":[{"start":{"line":64,"column":19},"end":{"line":64,"column":26}},{"start":{"line":64,"column":30},"end":{"line":64,"column":47}},{"start":{"line":64,"column":51},"end":{"line":64,"column":null}}],"line":64},"11":{"loc":{"start":{"line":67,"column":11},"end":{"line":67,"column":null}},"type":"cond-expr","locations":[{"start":{"line":67,"column":28},"end":{"line":67,"column":null}},{"start":{"line":67,"column":28},"end":{"line":67,"column":null}}],"line":67},"12":{"loc":{"start":{"line":70,"column":13},"end":{"line":70,"column":51}},"type":"binary-expr","locations":[{"start":{"line":70,"column":13},"end":{"line":70,"column":34}},{"start":{"line":70,"column":25},"end":{"line":70,"column":51}}],"line":70}},"s":{"0":11,"1":11,"2":11,"3":11,"4":11,"5":11,"6":11,"7":11,"8":11,"9":11,"10":12,"11":12,"12":12,"13":0,"14":11,"15":11,"16":11,"17":11,"18":0,"19":11,"20":2,"21":2,"22":0,"23":0,"24":2,"25":0,"26":0,"27":2,"28":2,"29":2,"30":1,"31":1,"32":1,"33":1,"34":2,"35":11,"36":1,"37":1,"38":1,"39":1,"40":4,"41":0,"42":1,"43":11,"44":1,"45":1,"46":1,"47":1,"48":1,"49":0,"50":1,"51":1,"52":1,"53":1,"54":1,"55":1,"56":2,"57":2,"58":1},"f":{"0":11,"1":12,"2":11,"3":2,"4":1,"5":4,"6":1,"7":2,"8":2,"9":1},"b":{"0":[0,2],"1":[0,2],"2":[2,2],"3":[1,0],"4":[36,11],"5":[35,11],"6":[35,11],"7":[35,11],"8":[36,11],"9":[36,11],"10":[36,30,29],"11":[1,35],"12":[36,13]},"meta":{"lastBranch":0,"lastFunction":0,"lastStatement":0,"seen":{}}}
}
